[2025-09-03T12:32:02.274+0000] {manager.py:470} INFO - Processing files using up to 2 processes at a time 
[2025-09-03T12:32:02.274+0000] {manager.py:471} INFO - Process each file at most once every 30 seconds
[2025-09-03T12:32:02.275+0000] {manager.py:472} INFO - Checking for new files in /opt/airflow/dags every 300 seconds
[2025-09-03T12:32:02.275+0000] {manager.py:737} INFO - Searching for files in /opt/airflow/dags
[2025-09-03T12:32:02.276+0000] {manager.py:740} INFO - There are 0 files in /opt/airflow/dags
[2025-09-03T12:37:02.783+0000] {manager.py:737} INFO - Searching for files in /opt/airflow/dags
[2025-09-03T12:37:02.787+0000] {manager.py:740} INFO - There are 0 files in /opt/airflow/dags
[2025-09-03T12:42:02.958+0000] {manager.py:737} INFO - Searching for files in /opt/airflow/dags
[2025-09-03T12:42:02.961+0000] {manager.py:740} INFO - There are 0 files in /opt/airflow/dags
[2025-09-03T12:47:02.989+0000] {manager.py:737} INFO - Searching for files in /opt/airflow/dags
[2025-09-03T12:47:02.993+0000] {manager.py:740} INFO - There are 0 files in /opt/airflow/dags
[2025-09-03T12:52:03.656+0000] {manager.py:737} INFO - Searching for files in /opt/airflow/dags
[2025-09-03T12:52:03.657+0000] {manager.py:740} INFO - There are 0 files in /opt/airflow/dags
[2025-09-03T12:57:03.734+0000] {manager.py:737} INFO - Searching for files in /opt/airflow/dags
[2025-09-03T12:57:03.738+0000] {manager.py:740} INFO - There are 0 files in /opt/airflow/dags
[2025-09-03T13:02:03.869+0000] {manager.py:737} INFO - Searching for files in /opt/airflow/dags
[2025-09-03T13:02:03.872+0000] {manager.py:740} INFO - There are 0 files in /opt/airflow/dags
[2025-09-03T13:07:04.713+0000] {manager.py:737} INFO - Searching for files in /opt/airflow/dags
[2025-09-03T13:07:04.714+0000] {manager.py:740} INFO - There are 0 files in /opt/airflow/dags
[2025-09-03T13:12:05.041+0000] {manager.py:737} INFO - Searching for files in /opt/airflow/dags
[2025-09-03T13:12:05.042+0000] {manager.py:740} INFO - There are 0 files in /opt/airflow/dags
[2025-09-03T13:17:05.753+0000] {manager.py:737} INFO - Searching for files in /opt/airflow/dags
[2025-09-03T13:17:05.757+0000] {manager.py:740} INFO - There are 0 files in /opt/airflow/dags
[2025-09-03T13:22:05.993+0000] {manager.py:737} INFO - Searching for files in /opt/airflow/dags
[2025-09-03T13:22:05.997+0000] {manager.py:740} INFO - There are 0 files in /opt/airflow/dags
[2025-09-03T13:27:06.384+0000] {manager.py:737} INFO - Searching for files in /opt/airflow/dags
[2025-09-03T13:27:06.387+0000] {manager.py:740} INFO - There are 0 files in /opt/airflow/dags
[2025-09-03T13:27:43.264+0000] {manager.py:470} INFO - Processing files using up to 2 processes at a time 
[2025-09-03T13:27:43.264+0000] {manager.py:471} INFO - Process each file at most once every 30 seconds
[2025-09-03T13:27:43.265+0000] {manager.py:472} INFO - Checking for new files in /opt/airflow/dags every 300 seconds
[2025-09-03T13:27:43.265+0000] {manager.py:737} INFO - Searching for files in /opt/airflow/dags
[2025-09-03T13:27:43.266+0000] {manager.py:740} INFO - There are 0 files in /opt/airflow/dags
[2025-09-03T13:32:44.092+0000] {manager.py:737} INFO - Searching for files in /opt/airflow/dags
[2025-09-03T13:32:44.095+0000] {manager.py:740} INFO - There are 0 files in /opt/airflow/dags
[2025-09-03T13:37:44.467+0000] {manager.py:737} INFO - Searching for files in /opt/airflow/dags
[2025-09-03T13:37:44.469+0000] {manager.py:740} INFO - There are 0 files in /opt/airflow/dags
[2025-09-03T13:42:45.277+0000] {manager.py:737} INFO - Searching for files in /opt/airflow/dags
[2025-09-03T13:42:45.279+0000] {manager.py:740} INFO - There are 0 files in /opt/airflow/dags
[2025-09-03T13:47:46.082+0000] {manager.py:737} INFO - Searching for files in /opt/airflow/dags
[2025-09-03T13:47:46.086+0000] {manager.py:740} INFO - There are 0 files in /opt/airflow/dags
[2025-09-03T13:52:46.461+0000] {manager.py:737} INFO - Searching for files in /opt/airflow/dags
[2025-09-03T13:52:46.462+0000] {manager.py:740} INFO - There are 0 files in /opt/airflow/dags
[2025-09-03T13:57:47.463+0000] {manager.py:737} INFO - Searching for files in /opt/airflow/dags
[2025-09-03T13:57:47.464+0000] {manager.py:740} INFO - There are 0 files in /opt/airflow/dags
[2025-09-03T14:02:48.027+0000] {manager.py:737} INFO - Searching for files in /opt/airflow/dags
[2025-09-03T14:02:48.031+0000] {manager.py:740} INFO - There are 0 files in /opt/airflow/dags
[2025-09-03T14:07:48.927+0000] {manager.py:737} INFO - Searching for files in /opt/airflow/dags
[2025-09-03T14:07:48.930+0000] {manager.py:740} INFO - There are 0 files in /opt/airflow/dags
[2025-09-03T14:12:49.394+0000] {manager.py:737} INFO - Searching for files in /opt/airflow/dags
[2025-09-03T14:12:49.396+0000] {manager.py:740} INFO - There are 0 files in /opt/airflow/dags
[2025-09-03T14:17:50.246+0000] {manager.py:737} INFO - Searching for files in /opt/airflow/dags
[2025-09-03T14:17:50.248+0000] {manager.py:740} INFO - There are 0 files in /opt/airflow/dags
[2025-09-03T14:22:50.889+0000] {manager.py:737} INFO - Searching for files in /opt/airflow/dags
[2025-09-03T14:22:50.892+0000] {manager.py:740} INFO - There are 0 files in /opt/airflow/dags
[2025-09-03T14:27:51.381+0000] {manager.py:737} INFO - Searching for files in /opt/airflow/dags
[2025-09-03T14:27:51.384+0000] {manager.py:740} INFO - There are 0 files in /opt/airflow/dags
[2025-09-03T14:32:51.667+0000] {manager.py:737} INFO - Searching for files in /opt/airflow/dags
[2025-09-03T14:32:51.670+0000] {manager.py:740} INFO - There are 0 files in /opt/airflow/dags
[2025-09-03T14:37:51.768+0000] {manager.py:737} INFO - Searching for files in /opt/airflow/dags
[2025-09-03T14:37:51.772+0000] {manager.py:740} INFO - There are 0 files in /opt/airflow/dags
[2025-09-03T14:42:52.415+0000] {manager.py:737} INFO - Searching for files in /opt/airflow/dags
[2025-09-03T14:42:52.417+0000] {manager.py:740} INFO - There are 0 files in /opt/airflow/dags
[2025-09-03T14:47:52.848+0000] {manager.py:737} INFO - Searching for files in /opt/airflow/dags
[2025-09-03T14:47:52.853+0000] {manager.py:740} INFO - There are 0 files in /opt/airflow/dags
[2025-09-03T14:52:53.306+0000] {manager.py:737} INFO - Searching for files in /opt/airflow/dags
[2025-09-03T14:52:53.310+0000] {manager.py:740} INFO - There are 0 files in /opt/airflow/dags
[2025-09-03T14:57:53.575+0000] {manager.py:737} INFO - Searching for files in /opt/airflow/dags
[2025-09-03T14:57:53.578+0000] {manager.py:740} INFO - There are 0 files in /opt/airflow/dags
[2025-09-03T15:02:54.061+0000] {manager.py:737} INFO - Searching for files in /opt/airflow/dags
[2025-09-03T15:02:54.062+0000] {manager.py:740} INFO - There are 0 files in /opt/airflow/dags
[2025-09-03T15:07:54.424+0000] {manager.py:737} INFO - Searching for files in /opt/airflow/dags
[2025-09-03T15:07:54.426+0000] {manager.py:740} INFO - There are 0 files in /opt/airflow/dags
[2025-09-03T15:12:54.842+0000] {manager.py:737} INFO - Searching for files in /opt/airflow/dags
[2025-09-03T15:12:54.843+0000] {manager.py:740} INFO - There are 0 files in /opt/airflow/dags
[2025-09-03T15:17:55.460+0000] {manager.py:737} INFO - Searching for files in /opt/airflow/dags
[2025-09-03T15:17:55.463+0000] {manager.py:740} INFO - There are 0 files in /opt/airflow/dags
[2025-09-03T15:22:55.956+0000] {manager.py:737} INFO - Searching for files in /opt/airflow/dags
[2025-09-03T15:22:55.958+0000] {manager.py:740} INFO - There are 0 files in /opt/airflow/dags
[2025-09-03T15:27:56.466+0000] {manager.py:737} INFO - Searching for files in /opt/airflow/dags
[2025-09-03T15:27:56.469+0000] {manager.py:740} INFO - There are 0 files in /opt/airflow/dags
[2025-09-03T15:32:57.255+0000] {manager.py:737} INFO - Searching for files in /opt/airflow/dags
[2025-09-03T15:32:57.258+0000] {manager.py:740} INFO - There are 0 files in /opt/airflow/dags
[2025-09-03T15:37:58.178+0000] {manager.py:737} INFO - Searching for files in /opt/airflow/dags
[2025-09-03T15:37:58.181+0000] {manager.py:740} INFO - There are 0 files in /opt/airflow/dags
[2025-09-03T15:42:58.997+0000] {manager.py:737} INFO - Searching for files in /opt/airflow/dags
[2025-09-03T15:42:59.002+0000] {manager.py:740} INFO - There are 0 files in /opt/airflow/dags
[2025-09-03T15:47:59.347+0000] {manager.py:737} INFO - Searching for files in /opt/airflow/dags
[2025-09-03T15:47:59.353+0000] {manager.py:740} INFO - There are 0 files in /opt/airflow/dags
[2025-09-03T15:53:00.309+0000] {manager.py:737} INFO - Searching for files in /opt/airflow/dags
[2025-09-03T15:53:00.312+0000] {manager.py:740} INFO - There are 0 files in /opt/airflow/dags
[2025-09-03T15:58:00.445+0000] {manager.py:737} INFO - Searching for files in /opt/airflow/dags
[2025-09-03T15:58:00.448+0000] {manager.py:740} INFO - There are 0 files in /opt/airflow/dags
[2025-09-03T16:03:00.955+0000] {manager.py:737} INFO - Searching for files in /opt/airflow/dags
[2025-09-03T16:03:00.958+0000] {manager.py:740} INFO - There are 0 files in /opt/airflow/dags
[2025-09-03T16:08:01.519+0000] {manager.py:737} INFO - Searching for files in /opt/airflow/dags
[2025-09-03T16:08:01.522+0000] {manager.py:740} INFO - There are 0 files in /opt/airflow/dags
[2025-09-03T16:13:02.049+0000] {manager.py:737} INFO - Searching for files in /opt/airflow/dags
[2025-09-03T16:13:02.052+0000] {manager.py:740} INFO - There are 0 files in /opt/airflow/dags
[2025-09-03T16:18:02.421+0000] {manager.py:737} INFO - Searching for files in /opt/airflow/dags
[2025-09-03T16:18:02.424+0000] {manager.py:740} INFO - There are 0 files in /opt/airflow/dags
[2025-09-03T16:23:02.838+0000] {manager.py:737} INFO - Searching for files in /opt/airflow/dags
[2025-09-03T16:23:02.841+0000] {manager.py:740} INFO - There are 0 files in /opt/airflow/dags
[2025-09-03T16:28:03.053+0000] {manager.py:737} INFO - Searching for files in /opt/airflow/dags
[2025-09-03T16:28:03.057+0000] {manager.py:740} INFO - There are 0 files in /opt/airflow/dags
[2025-09-03T16:33:03.560+0000] {manager.py:737} INFO - Searching for files in /opt/airflow/dags
[2025-09-03T16:33:03.563+0000] {manager.py:740} INFO - There are 0 files in /opt/airflow/dags
[2025-09-03T16:38:04.022+0000] {manager.py:737} INFO - Searching for files in /opt/airflow/dags
[2025-09-03T16:38:04.025+0000] {manager.py:740} INFO - There are 0 files in /opt/airflow/dags
[2025-09-03T16:43:04.546+0000] {manager.py:737} INFO - Searching for files in /opt/airflow/dags
[2025-09-03T16:43:04.551+0000] {manager.py:740} INFO - There are 0 files in /opt/airflow/dags
[2025-09-03T16:48:04.954+0000] {manager.py:737} INFO - Searching for files in /opt/airflow/dags
[2025-09-03T16:48:04.959+0000] {manager.py:740} INFO - There are 0 files in /opt/airflow/dags
[2025-09-03T16:53:05.673+0000] {manager.py:737} INFO - Searching for files in /opt/airflow/dags
[2025-09-03T16:53:05.678+0000] {manager.py:740} INFO - There are 0 files in /opt/airflow/dags
[2025-09-03T16:58:06.383+0000] {manager.py:737} INFO - Searching for files in /opt/airflow/dags
[2025-09-03T16:58:06.387+0000] {manager.py:740} INFO - There are 0 files in /opt/airflow/dags
[2025-09-03T17:03:07.172+0000] {manager.py:737} INFO - Searching for files in /opt/airflow/dags
[2025-09-03T17:03:07.175+0000] {manager.py:740} INFO - There are 0 files in /opt/airflow/dags
[2025-09-03T17:08:07.673+0000] {manager.py:737} INFO - Searching for files in /opt/airflow/dags
[2025-09-03T17:08:07.674+0000] {manager.py:740} INFO - There are 0 files in /opt/airflow/dags
[2025-09-03T17:13:08.572+0000] {manager.py:737} INFO - Searching for files in /opt/airflow/dags
[2025-09-03T17:13:08.574+0000] {manager.py:740} INFO - There are 0 files in /opt/airflow/dags
[2025-09-03T17:18:08.946+0000] {manager.py:737} INFO - Searching for files in /opt/airflow/dags
[2025-09-03T17:18:08.949+0000] {manager.py:740} INFO - There are 0 files in /opt/airflow/dags
[2025-09-03T17:23:09.305+0000] {manager.py:737} INFO - Searching for files in /opt/airflow/dags
[2025-09-03T17:23:09.308+0000] {manager.py:740} INFO - There are 0 files in /opt/airflow/dags
[2025-09-03T17:28:09.688+0000] {manager.py:737} INFO - Searching for files in /opt/airflow/dags
[2025-09-03T17:28:09.690+0000] {manager.py:740} INFO - There are 0 files in /opt/airflow/dags
[2025-09-03T17:33:09.967+0000] {manager.py:737} INFO - Searching for files in /opt/airflow/dags
[2025-09-03T17:33:09.969+0000] {manager.py:740} INFO - There are 0 files in /opt/airflow/dags
[2025-09-03T17:38:10.534+0000] {manager.py:737} INFO - Searching for files in /opt/airflow/dags
[2025-09-03T17:38:10.536+0000] {manager.py:740} INFO - There are 0 files in /opt/airflow/dags
[2025-09-03T17:43:11.027+0000] {manager.py:737} INFO - Searching for files in /opt/airflow/dags
[2025-09-03T17:43:11.030+0000] {manager.py:740} INFO - There are 0 files in /opt/airflow/dags
[2025-09-03T17:48:11.490+0000] {manager.py:737} INFO - Searching for files in /opt/airflow/dags
[2025-09-03T17:48:11.493+0000] {manager.py:740} INFO - There are 0 files in /opt/airflow/dags
[2025-09-03T17:53:11.514+0000] {manager.py:737} INFO - Searching for files in /opt/airflow/dags
[2025-09-03T17:53:11.519+0000] {manager.py:740} INFO - There are 0 files in /opt/airflow/dags
[2025-09-03T17:58:11.729+0000] {manager.py:737} INFO - Searching for files in /opt/airflow/dags
[2025-09-03T17:58:11.731+0000] {manager.py:740} INFO - There are 0 files in /opt/airflow/dags
[2025-09-03T18:03:12.274+0000] {manager.py:737} INFO - Searching for files in /opt/airflow/dags
[2025-09-03T18:03:12.277+0000] {manager.py:740} INFO - There are 0 files in /opt/airflow/dags
[2025-09-03T18:08:12.571+0000] {manager.py:737} INFO - Searching for files in /opt/airflow/dags
[2025-09-03T18:08:12.574+0000] {manager.py:740} INFO - There are 0 files in /opt/airflow/dags
[2025-09-03T18:13:13.053+0000] {manager.py:737} INFO - Searching for files in /opt/airflow/dags
[2025-09-03T18:13:13.054+0000] {manager.py:740} INFO - There are 0 files in /opt/airflow/dags
[2025-09-03T18:18:13.101+0000] {manager.py:737} INFO - Searching for files in /opt/airflow/dags
[2025-09-03T18:18:13.102+0000] {manager.py:740} INFO - There are 0 files in /opt/airflow/dags
[2025-09-03T18:23:13.450+0000] {manager.py:737} INFO - Searching for files in /opt/airflow/dags
[2025-09-03T18:23:13.453+0000] {manager.py:740} INFO - There are 0 files in /opt/airflow/dags
[2025-09-03T18:28:13.955+0000] {manager.py:737} INFO - Searching for files in /opt/airflow/dags
[2025-09-03T18:28:13.958+0000] {manager.py:740} INFO - There are 0 files in /opt/airflow/dags
[2025-09-03T18:33:14.648+0000] {manager.py:737} INFO - Searching for files in /opt/airflow/dags
[2025-09-03T18:33:14.651+0000] {manager.py:740} INFO - There are 0 files in /opt/airflow/dags
[2025-09-03T18:38:15.181+0000] {manager.py:737} INFO - Searching for files in /opt/airflow/dags
[2025-09-03T18:38:15.183+0000] {manager.py:740} INFO - There are 0 files in /opt/airflow/dags
[2025-09-03T18:43:15.601+0000] {manager.py:737} INFO - Searching for files in /opt/airflow/dags
[2025-09-03T18:43:15.604+0000] {manager.py:740} INFO - There are 0 files in /opt/airflow/dags
[2025-09-03T18:48:15.987+0000] {manager.py:737} INFO - Searching for files in /opt/airflow/dags
[2025-09-03T18:48:15.992+0000] {manager.py:740} INFO - There are 0 files in /opt/airflow/dags
[2025-09-03T18:53:16.329+0000] {manager.py:737} INFO - Searching for files in /opt/airflow/dags
[2025-09-03T18:53:16.334+0000] {manager.py:740} INFO - There are 0 files in /opt/airflow/dags
[2025-09-03T18:58:16.691+0000] {manager.py:737} INFO - Searching for files in /opt/airflow/dags
[2025-09-03T18:58:16.694+0000] {manager.py:740} INFO - There are 0 files in /opt/airflow/dags
[2025-09-03T19:03:16.919+0000] {manager.py:737} INFO - Searching for files in /opt/airflow/dags
[2025-09-03T19:03:16.921+0000] {manager.py:740} INFO - There are 0 files in /opt/airflow/dags
[2025-09-03T19:08:17.046+0000] {manager.py:737} INFO - Searching for files in /opt/airflow/dags
[2025-09-03T19:08:17.049+0000] {manager.py:740} INFO - There are 0 files in /opt/airflow/dags
[2025-09-03T19:13:17.410+0000] {manager.py:737} INFO - Searching for files in /opt/airflow/dags
[2025-09-03T19:13:17.412+0000] {manager.py:740} INFO - There are 0 files in /opt/airflow/dags
[2025-09-03T19:18:17.788+0000] {manager.py:737} INFO - Searching for files in /opt/airflow/dags
[2025-09-03T19:18:17.790+0000] {manager.py:740} INFO - There are 0 files in /opt/airflow/dags
[2025-09-03T19:23:17.950+0000] {manager.py:737} INFO - Searching for files in /opt/airflow/dags
[2025-09-03T19:23:17.954+0000] {manager.py:740} INFO - There are 0 files in /opt/airflow/dags
[2025-09-03T19:28:18.441+0000] {manager.py:737} INFO - Searching for files in /opt/airflow/dags
[2025-09-03T19:28:18.444+0000] {manager.py:740} INFO - There are 0 files in /opt/airflow/dags
[2025-09-03T19:33:18.944+0000] {manager.py:737} INFO - Searching for files in /opt/airflow/dags
[2025-09-03T19:33:18.948+0000] {manager.py:740} INFO - There are 0 files in /opt/airflow/dags
[2025-09-03T19:38:19.496+0000] {manager.py:737} INFO - Searching for files in /opt/airflow/dags
[2025-09-03T19:38:19.500+0000] {manager.py:740} INFO - There are 0 files in /opt/airflow/dags
[2025-09-03T19:43:19.776+0000] {manager.py:737} INFO - Searching for files in /opt/airflow/dags
[2025-09-03T19:43:19.781+0000] {manager.py:740} INFO - There are 0 files in /opt/airflow/dags
[2025-09-03T19:48:20.236+0000] {manager.py:737} INFO - Searching for files in /opt/airflow/dags
[2025-09-03T19:48:20.241+0000] {manager.py:740} INFO - There are 0 files in /opt/airflow/dags
[2025-09-03T19:53:21.110+0000] {manager.py:737} INFO - Searching for files in /opt/airflow/dags
[2025-09-03T19:53:21.114+0000] {manager.py:740} INFO - There are 0 files in /opt/airflow/dags
[2025-09-03T19:58:22.087+0000] {manager.py:737} INFO - Searching for files in /opt/airflow/dags
[2025-09-03T19:58:22.091+0000] {manager.py:740} INFO - There are 0 files in /opt/airflow/dags
[2025-09-03T20:03:22.647+0000] {manager.py:737} INFO - Searching for files in /opt/airflow/dags
[2025-09-03T20:03:22.650+0000] {manager.py:740} INFO - There are 0 files in /opt/airflow/dags
[2025-09-03T20:08:23.078+0000] {manager.py:737} INFO - Searching for files in /opt/airflow/dags
[2025-09-03T20:08:23.082+0000] {manager.py:740} INFO - There are 0 files in /opt/airflow/dags
[2025-09-03T20:13:23.472+0000] {manager.py:737} INFO - Searching for files in /opt/airflow/dags
[2025-09-03T20:13:23.475+0000] {manager.py:740} INFO - There are 0 files in /opt/airflow/dags
[2025-09-03T20:18:24.440+0000] {manager.py:737} INFO - Searching for files in /opt/airflow/dags
[2025-09-03T20:18:24.444+0000] {manager.py:740} INFO - There are 0 files in /opt/airflow/dags
[2025-09-03T20:23:25.270+0000] {manager.py:737} INFO - Searching for files in /opt/airflow/dags
[2025-09-03T20:23:25.275+0000] {manager.py:740} INFO - There are 0 files in /opt/airflow/dags
[2025-09-03T20:28:25.840+0000] {manager.py:737} INFO - Searching for files in /opt/airflow/dags
[2025-09-03T20:28:25.844+0000] {manager.py:740} INFO - There are 0 files in /opt/airflow/dags
[2025-09-03T20:33:26.360+0000] {manager.py:737} INFO - Searching for files in /opt/airflow/dags
[2025-09-03T20:33:26.363+0000] {manager.py:740} INFO - There are 0 files in /opt/airflow/dags
[2025-09-03T20:38:26.968+0000] {manager.py:737} INFO - Searching for files in /opt/airflow/dags
[2025-09-03T20:38:26.972+0000] {manager.py:740} INFO - There are 0 files in /opt/airflow/dags
[2025-09-03T20:43:27.139+0000] {manager.py:737} INFO - Searching for files in /opt/airflow/dags
[2025-09-03T20:43:27.142+0000] {manager.py:740} INFO - There are 0 files in /opt/airflow/dags
[2025-09-03T20:48:27.618+0000] {manager.py:737} INFO - Searching for files in /opt/airflow/dags
[2025-09-03T20:48:27.621+0000] {manager.py:740} INFO - There are 0 files in /opt/airflow/dags
[2025-09-03T20:53:27.986+0000] {manager.py:737} INFO - Searching for files in /opt/airflow/dags
[2025-09-03T20:53:27.991+0000] {manager.py:740} INFO - There are 0 files in /opt/airflow/dags
[2025-09-03T20:58:28.519+0000] {manager.py:737} INFO - Searching for files in /opt/airflow/dags
[2025-09-03T20:58:28.523+0000] {manager.py:740} INFO - There are 0 files in /opt/airflow/dags
[2025-09-03T21:03:28.821+0000] {manager.py:737} INFO - Searching for files in /opt/airflow/dags
[2025-09-03T21:03:28.825+0000] {manager.py:740} INFO - There are 0 files in /opt/airflow/dags
[2025-09-03T21:08:29.199+0000] {manager.py:737} INFO - Searching for files in /opt/airflow/dags
[2025-09-03T21:08:29.203+0000] {manager.py:740} INFO - There are 0 files in /opt/airflow/dags
[2025-09-03T21:13:29.594+0000] {manager.py:737} INFO - Searching for files in /opt/airflow/dags
[2025-09-03T21:13:29.596+0000] {manager.py:740} INFO - There are 0 files in /opt/airflow/dags
[2025-09-03T21:18:29.936+0000] {manager.py:737} INFO - Searching for files in /opt/airflow/dags
[2025-09-03T21:18:29.938+0000] {manager.py:740} INFO - There are 0 files in /opt/airflow/dags
[2025-09-03T21:23:30.387+0000] {manager.py:737} INFO - Searching for files in /opt/airflow/dags
[2025-09-03T21:23:30.392+0000] {manager.py:740} INFO - There are 0 files in /opt/airflow/dags
[2025-09-03T21:28:30.747+0000] {manager.py:737} INFO - Searching for files in /opt/airflow/dags
[2025-09-03T21:28:30.750+0000] {manager.py:740} INFO - There are 0 files in /opt/airflow/dags
[2025-09-03T21:33:31.549+0000] {manager.py:737} INFO - Searching for files in /opt/airflow/dags
[2025-09-03T21:33:31.552+0000] {manager.py:740} INFO - There are 0 files in /opt/airflow/dags
[2025-09-03T21:38:32.430+0000] {manager.py:737} INFO - Searching for files in /opt/airflow/dags
[2025-09-03T21:38:32.433+0000] {manager.py:740} INFO - There are 0 files in /opt/airflow/dags
[2025-09-03T21:43:33.174+0000] {manager.py:737} INFO - Searching for files in /opt/airflow/dags
[2025-09-03T21:43:33.180+0000] {manager.py:740} INFO - There are 0 files in /opt/airflow/dags
[2025-09-03T21:48:34.054+0000] {manager.py:737} INFO - Searching for files in /opt/airflow/dags
[2025-09-03T21:48:34.061+0000] {manager.py:740} INFO - There are 0 files in /opt/airflow/dags
[2025-09-03T21:53:34.578+0000] {manager.py:737} INFO - Searching for files in /opt/airflow/dags
[2025-09-03T21:53:34.581+0000] {manager.py:740} INFO - There are 0 files in /opt/airflow/dags
[2025-09-03T21:58:34.636+0000] {manager.py:737} INFO - Searching for files in /opt/airflow/dags
[2025-09-03T21:58:34.640+0000] {manager.py:740} INFO - There are 0 files in /opt/airflow/dags
[2025-09-03T22:11:35.120+0000] {manager.py:737} INFO - Searching for files in /opt/airflow/dags
[2025-09-03T22:11:35.122+0000] {manager.py:740} INFO - There are 0 files in /opt/airflow/dags
[2025-09-03T22:27:28.416+0000] {manager.py:737} INFO - Searching for files in /opt/airflow/dags
[2025-09-03T22:27:28.419+0000] {manager.py:740} INFO - There are 0 files in /opt/airflow/dags
[2025-09-03T23:09:17.701+0000] {manager.py:737} INFO - Searching for files in /opt/airflow/dags
[2025-09-03T23:09:17.703+0000] {manager.py:740} INFO - There are 0 files in /opt/airflow/dags
[2025-09-03T23:14:17.858+0000] {manager.py:737} INFO - Searching for files in /opt/airflow/dags
[2025-09-03T23:14:17.863+0000] {manager.py:740} INFO - There are 0 files in /opt/airflow/dags
[2025-09-03T23:19:18.228+0000] {manager.py:737} INFO - Searching for files in /opt/airflow/dags
[2025-09-03T23:19:18.231+0000] {manager.py:740} INFO - There are 0 files in /opt/airflow/dags
[2025-09-03T23:24:18.725+0000] {manager.py:737} INFO - Searching for files in /opt/airflow/dags
[2025-09-03T23:24:18.727+0000] {manager.py:740} INFO - There are 0 files in /opt/airflow/dags
[2025-09-03T23:29:19.117+0000] {manager.py:737} INFO - Searching for files in /opt/airflow/dags
[2025-09-03T23:29:19.119+0000] {manager.py:740} INFO - There are 0 files in /opt/airflow/dags
[2025-09-03T23:34:20.117+0000] {manager.py:737} INFO - Searching for files in /opt/airflow/dags
[2025-09-03T23:34:20.120+0000] {manager.py:740} INFO - There are 0 files in /opt/airflow/dags
[2025-09-03T23:39:20.200+0000] {manager.py:737} INFO - Searching for files in /opt/airflow/dags
[2025-09-03T23:39:20.203+0000] {manager.py:740} INFO - There are 0 files in /opt/airflow/dags
[2025-09-03T23:44:20.395+0000] {manager.py:737} INFO - Searching for files in /opt/airflow/dags
[2025-09-03T23:44:20.399+0000] {manager.py:740} INFO - There are 0 files in /opt/airflow/dags
[2025-09-03T23:49:21.328+0000] {manager.py:737} INFO - Searching for files in /opt/airflow/dags
[2025-09-03T23:49:21.330+0000] {manager.py:740} INFO - There are 0 files in /opt/airflow/dags
[2025-09-03T23:54:21.922+0000] {manager.py:737} INFO - Searching for files in /opt/airflow/dags
[2025-09-03T23:54:21.926+0000] {manager.py:740} INFO - There are 0 files in /opt/airflow/dags
[2025-09-03T23:59:22.843+0000] {manager.py:737} INFO - Searching for files in /opt/airflow/dags
[2025-09-03T23:59:22.846+0000] {manager.py:740} INFO - There are 0 files in /opt/airflow/dags
[2025-09-04T00:04:23.082+0000] {manager.py:737} INFO - Searching for files in /opt/airflow/dags
[2025-09-04T00:04:23.085+0000] {manager.py:740} INFO - There are 0 files in /opt/airflow/dags
[2025-09-04T00:09:23.574+0000] {manager.py:737} INFO - Searching for files in /opt/airflow/dags
[2025-09-04T00:09:23.577+0000] {manager.py:740} INFO - There are 0 files in /opt/airflow/dags
[2025-09-04T00:14:24.002+0000] {manager.py:737} INFO - Searching for files in /opt/airflow/dags
[2025-09-04T00:14:24.004+0000] {manager.py:740} INFO - There are 0 files in /opt/airflow/dags
[2025-09-04T00:19:24.812+0000] {manager.py:737} INFO - Searching for files in /opt/airflow/dags
[2025-09-04T00:19:24.814+0000] {manager.py:740} INFO - There are 0 files in /opt/airflow/dags
[2025-09-04T00:24:25.353+0000] {manager.py:737} INFO - Searching for files in /opt/airflow/dags
[2025-09-04T00:24:25.355+0000] {manager.py:740} INFO - There are 0 files in /opt/airflow/dags
[2025-09-04T00:29:25.945+0000] {manager.py:737} INFO - Searching for files in /opt/airflow/dags
[2025-09-04T00:29:25.946+0000] {manager.py:740} INFO - There are 0 files in /opt/airflow/dags
[2025-09-04T00:34:26.447+0000] {manager.py:737} INFO - Searching for files in /opt/airflow/dags
[2025-09-04T00:34:26.451+0000] {manager.py:740} INFO - There are 0 files in /opt/airflow/dags
[2025-09-04T00:39:27.187+0000] {manager.py:737} INFO - Searching for files in /opt/airflow/dags
[2025-09-04T00:39:27.191+0000] {manager.py:740} INFO - There are 0 files in /opt/airflow/dags
[2025-09-04T00:44:27.213+0000] {manager.py:737} INFO - Searching for files in /opt/airflow/dags
[2025-09-04T00:44:27.214+0000] {manager.py:740} INFO - There are 0 files in /opt/airflow/dags
[2025-09-04T00:49:27.403+0000] {manager.py:737} INFO - Searching for files in /opt/airflow/dags
[2025-09-04T00:49:27.406+0000] {manager.py:740} INFO - There are 0 files in /opt/airflow/dags
[2025-09-04T00:54:27.972+0000] {manager.py:737} INFO - Searching for files in /opt/airflow/dags
[2025-09-04T00:54:27.974+0000] {manager.py:740} INFO - There are 0 files in /opt/airflow/dags
[2025-09-04T00:59:28.713+0000] {manager.py:737} INFO - Searching for files in /opt/airflow/dags
[2025-09-04T00:59:28.715+0000] {manager.py:740} INFO - There are 0 files in /opt/airflow/dags
[2025-09-04T01:04:29.300+0000] {manager.py:737} INFO - Searching for files in /opt/airflow/dags
[2025-09-04T01:04:29.303+0000] {manager.py:740} INFO - There are 0 files in /opt/airflow/dags
[2025-09-04T01:09:29.987+0000] {manager.py:737} INFO - Searching for files in /opt/airflow/dags
[2025-09-04T01:09:29.991+0000] {manager.py:740} INFO - There are 0 files in /opt/airflow/dags
[2025-09-04T01:14:30.702+0000] {manager.py:737} INFO - Searching for files in /opt/airflow/dags
[2025-09-04T01:14:30.706+0000] {manager.py:740} INFO - There are 0 files in /opt/airflow/dags
[2025-09-04T01:19:31.224+0000] {manager.py:737} INFO - Searching for files in /opt/airflow/dags
[2025-09-04T01:19:31.228+0000] {manager.py:740} INFO - There are 0 files in /opt/airflow/dags
[2025-09-04T01:24:31.623+0000] {manager.py:737} INFO - Searching for files in /opt/airflow/dags
[2025-09-04T01:24:31.627+0000] {manager.py:740} INFO - There are 0 files in /opt/airflow/dags
[2025-09-04T01:29:31.750+0000] {manager.py:737} INFO - Searching for files in /opt/airflow/dags
[2025-09-04T01:29:31.754+0000] {manager.py:740} INFO - There are 0 files in /opt/airflow/dags
[2025-09-04T01:34:31.834+0000] {manager.py:737} INFO - Searching for files in /opt/airflow/dags
[2025-09-04T01:34:31.837+0000] {manager.py:740} INFO - There are 0 files in /opt/airflow/dags
[2025-09-04T01:39:32.255+0000] {manager.py:737} INFO - Searching for files in /opt/airflow/dags
[2025-09-04T01:39:32.260+0000] {manager.py:740} INFO - There are 0 files in /opt/airflow/dags
[2025-09-04T01:44:32.806+0000] {manager.py:737} INFO - Searching for files in /opt/airflow/dags
[2025-09-04T01:44:32.810+0000] {manager.py:740} INFO - There are 0 files in /opt/airflow/dags
[2025-09-04T01:49:33.311+0000] {manager.py:737} INFO - Searching for files in /opt/airflow/dags
[2025-09-04T01:49:33.312+0000] {manager.py:740} INFO - There are 0 files in /opt/airflow/dags
[2025-09-04T01:54:34.046+0000] {manager.py:737} INFO - Searching for files in /opt/airflow/dags
[2025-09-04T01:54:34.051+0000] {manager.py:740} INFO - There are 0 files in /opt/airflow/dags
[2025-09-04T01:59:34.301+0000] {manager.py:737} INFO - Searching for files in /opt/airflow/dags
[2025-09-04T01:59:34.302+0000] {manager.py:740} INFO - There are 0 files in /opt/airflow/dags
[2025-09-04T02:04:34.880+0000] {manager.py:737} INFO - Searching for files in /opt/airflow/dags
[2025-09-04T02:04:34.883+0000] {manager.py:740} INFO - There are 0 files in /opt/airflow/dags
[2025-09-04T02:09:35.725+0000] {manager.py:737} INFO - Searching for files in /opt/airflow/dags
[2025-09-04T02:09:35.728+0000] {manager.py:740} INFO - There are 0 files in /opt/airflow/dags
[2025-09-04T02:14:36.340+0000] {manager.py:737} INFO - Searching for files in /opt/airflow/dags
[2025-09-04T02:14:36.342+0000] {manager.py:740} INFO - There are 0 files in /opt/airflow/dags
[2025-09-04T02:19:36.962+0000] {manager.py:737} INFO - Searching for files in /opt/airflow/dags
[2025-09-04T02:19:36.965+0000] {manager.py:740} INFO - There are 0 files in /opt/airflow/dags
[2025-09-04T02:24:37.812+0000] {manager.py:737} INFO - Searching for files in /opt/airflow/dags
[2025-09-04T02:24:37.816+0000] {manager.py:740} INFO - There are 0 files in /opt/airflow/dags
[2025-09-04T02:29:38.583+0000] {manager.py:737} INFO - Searching for files in /opt/airflow/dags
[2025-09-04T02:29:38.586+0000] {manager.py:740} INFO - There are 0 files in /opt/airflow/dags
[2025-09-04T02:34:39.051+0000] {manager.py:737} INFO - Searching for files in /opt/airflow/dags
[2025-09-04T02:34:39.052+0000] {manager.py:740} INFO - There are 0 files in /opt/airflow/dags
[2025-09-04T02:39:39.547+0000] {manager.py:737} INFO - Searching for files in /opt/airflow/dags
[2025-09-04T02:39:39.551+0000] {manager.py:740} INFO - There are 0 files in /opt/airflow/dags
[2025-09-04T03:13:34.660+0000] {manager.py:737} INFO - Searching for files in /opt/airflow/dags
[2025-09-04T03:13:34.662+0000] {manager.py:740} INFO - There are 0 files in /opt/airflow/dags
[2025-09-04T03:44:43.711+0000] {manager.py:737} INFO - Searching for files in /opt/airflow/dags
[2025-09-04T03:44:44.887+0000] {manager.py:740} INFO - There are 0 files in /opt/airflow/dags
[2025-09-04T04:03:38.487+0000] {manager.py:737} INFO - Searching for files in /opt/airflow/dags
[2025-09-04T04:03:38.490+0000] {manager.py:740} INFO - There are 0 files in /opt/airflow/dags
[2025-09-04T04:28:28.615+0000] {manager.py:737} INFO - Searching for files in /opt/airflow/dags
[2025-09-04T04:28:28.616+0000] {manager.py:740} INFO - There are 0 files in /opt/airflow/dags
[2025-09-04T04:33:28.920+0000] {manager.py:737} INFO - Searching for files in /opt/airflow/dags
[2025-09-04T04:33:28.925+0000] {manager.py:740} INFO - There are 0 files in /opt/airflow/dags
[2025-09-04T04:38:29.830+0000] {manager.py:737} INFO - Searching for files in /opt/airflow/dags
[2025-09-04T04:38:29.836+0000] {manager.py:740} INFO - There are 0 files in /opt/airflow/dags
